SF:lib\src\core\services\device_service.dart
DA:8,1
DA:11,1
DA:12,2
DA:14,1
DA:15,1
DA:16,2
DA:24,1
DA:26,1
DA:27,2
DA:30,6
DA:33,1
DA:37,1
DA:38,2
LF:13
LH:13
end_of_record
SF:lib\src\core\services\rate_limiter_service.dart
DA:11,1
DA:14,1
DA:15,1
DA:16,1
DA:17,1
DA:21,1
DA:22,1
DA:23,1
DA:24,1
DA:25,3
DA:29,1
DA:30,1
DA:31,1
DA:32,2
DA:36,1
DA:37,2
DA:38,2
DA:39,1
DA:40,2
DA:42,1
DA:46,2
DA:50,1
DA:51,2
DA:52,2
DA:53,1
DA:56,3
DA:57,2
DA:58,3
DA:63,1
DA:64,3
DA:68,1
DA:69,1
DA:70,8
DA:71,1
DA:75,1
DA:76,4
DA:77,3
LF:37
LH:37
end_of_record
SF:lib\src\core\services\location_service.dart
DA:6,0
DA:9,0
DA:11,0
DA:15,0
DA:16,0
DA:17,0
DA:18,0
DA:19,0
DA:23,0
DA:24,0
DA:28,0
DA:34,0
DA:35,0
DA:36,0
DA:40,0
DA:41,0
DA:42,0
DA:43,0
DA:44,0
DA:45,0
DA:46,0
DA:47,0
DA:48,0
DA:51,0
DA:52,0
DA:53,0
DA:62,0
DA:64,0
DA:66,0
DA:69,0
DA:71,0
DA:76,0
DA:77,0
DA:80,0
DA:81,0
DA:84,0
DA:85,0
DA:86,0
DA:90,0
DA:91,0
DA:92,0
DA:96,0
DA:100,1
DA:101,2
DA:116,1
DA:127,1
DA:135,1
DA:146,1
DA:147,1
LF:49
LH:7
end_of_record
SF:lib\src\core\services\notification_service.dart
DA:5,3
DA:6,2
DA:7,1
DA:54,1
DA:64,1
DA:76,1
DA:77,1
DA:80,1
DA:81,1
DA:84,1
DA:85,1
DA:88,1
DA:89,1
DA:93,1
DA:94,1
DA:97,1
DA:102,1
DA:103,1
DA:105,2
DA:106,2
DA:110,0
DA:111,0
DA:113,0
DA:114,0
DA:118,1
DA:119,1
DA:121,2
DA:125,0
DA:126,0
DA:128,0
DA:132,0
DA:133,0
DA:135,0
DA:136,0
DA:140,1
DA:141,1
DA:143,2
DA:147,0
DA:148,0
DA:150,0
DA:154,1
DA:155,1
DA:157,2
DA:162,1
DA:170,1
DA:181,1
DA:186,1
DA:188,1
DA:197,0
LF:49
LH:34
end_of_record
SF:lib\src\shared\presentation\widgets\ios_notification_fixed.dart
DA:25,0
DA:38,0
DA:39,0
DA:50,0
DA:52,0
DA:53,0
DA:58,0
DA:59,0
DA:61,0
DA:62,0
DA:66,0
DA:69,0
DA:70,0
DA:74,0
DA:77,0
DA:78,0
DA:82,0
DA:85,0
DA:86,0
DA:87,0
DA:88,0
DA:94,0
DA:96,0
DA:97,0
DA:100,0
DA:101,0
DA:102,0
DA:105,0
DA:110,0
DA:111,0
DA:115,0
DA:117,0
DA:118,0
DA:119,0
DA:120,0
DA:121,0
DA:122,0
DA:123,0
DA:124,0
DA:125,0
DA:126,0
DA:127,0
DA:128,0
DA:129,0
DA:148,0
DA:164,0
DA:165,0
DA:166,0
DA:168,0
DA:170,0
DA:172,0
DA:174,0
DA:179,0
DA:180,0
DA:181,0
DA:183,0
DA:185,0
DA:187,0
DA:189,0
DA:194,0
DA:196,0
DA:197,0
DA:199,0
DA:200,0
DA:201,0
DA:202,0
DA:203,0
DA:206,0
DA:207,0
DA:208,0
DA:209,0
DA:210,0
DA:211,0
DA:212,0
DA:221,0
DA:222,0
DA:223,0
DA:224,0
DA:225,0
DA:226,0
DA:229,0
DA:230,0
DA:231,0
DA:232,0
DA:233,0
DA:234,0
DA:240,0
DA:241,0
DA:242,0
DA:243,0
DA:244,0
DA:249,0
DA:250,0
DA:251,0
DA:252,0
DA:253,0
DA:257,0
DA:258,0
DA:260,0
DA:265,0
DA:266,0
DA:269,0
DA:270,0
DA:271,0
DA:279,0
DA:281,0
DA:282,0
DA:283,0
DA:285,0
DA:295,0
DA:297,0
DA:298,0
DA:299,0
DA:300,0
DA:302,0
DA:307,0
DA:308,0
DA:309,0
DA:312,0
DA:313,0
DA:314,0
DA:317,0
DA:321,0
DA:323,0
DA:324,0
DA:325,0
DA:327,0
DA:328,0
DA:331,0
DA:334,0
DA:348,0
DA:349,0
DA:350,0
DA:353,0
DA:355,0
DA:360,0
DA:362,0
DA:363,0
DA:364,0
DA:366,0
DA:369,0
DA:370,0
DA:373,0
DA:374,0
DA:376,0
DA:387,1
DA:399,1
DA:400,1
DA:402,1
DA:403,1
DA:405,1
DA:406,1
DA:409,1
DA:413,1
DA:416,1
DA:417,0
DA:426,0
DA:428,0
DA:429,0
DA:438,1
DA:442,1
DA:443,1
DA:450,1
DA:451,1
DA:459,1
DA:460,1
DA:467,1
DA:468,1
DA:475,1
DA:476,1
LF:170
LH:21
end_of_record
SF:lib\src\features\parts\presentation\widgets\chat_input_widget.dart
DA:11,1
DA:21,1
DA:22,1
DA:28,1
DA:30,1
DA:31,4
DA:32,6
DA:35,1
DA:37,4
DA:38,1
DA:41,1
DA:42,5
DA:43,2
DA:44,2
DA:45,1
DA:50,1
DA:52,3
DA:54,1
DA:57,1
DA:58,1
DA:59,1
DA:60,1
DA:61,1
DA:63,1
DA:64,1
DA:65,1
DA:68,1
DA:71,2
DA:73,1
DA:75,1
DA:76,1
DA:78,1
DA:80,2
DA:87,1
DA:88,1
DA:89,2
DA:90,2
DA:106,1
DA:107,4
DA:108,3
DA:117,2
DA:119,1
DA:121,2
DA:127,3
DA:128,1
DA:130,2
DA:139,4
DA:140,1
DA:148,1
DA:150,1
DA:151,1
DA:152,3
DA:153,4
DA:154,1
DA:155,3
DA:158,1
DA:159,2
DA:187,1
DA:193,1
DA:196,1
DA:200,1
DA:202,1
DA:203,1
DA:206,1
DA:208,1
DA:209,1
DA:211,1
DA:213,1
DA:216,1
LF:69
LH:69
end_of_record
SF:lib\src\shared\presentation\widgets\french_license_plate.dart
DA:13,1
DA:24,1
DA:25,1
DA:31,1
DA:33,1
DA:35,3
DA:36,2
DA:40,6
DA:41,5
DA:45,1
DA:47,2
DA:48,1
DA:51,1
DA:53,3
DA:56,4
DA:57,2
DA:59,2
DA:60,3
DA:62,4
DA:66,1
DA:69,1
DA:71,1
DA:73,1
DA:74,1
DA:77,1
DA:78,2
DA:79,1
DA:80,1
DA:82,1
DA:83,1
DA:84,1
DA:85,1
DA:86,1
DA:88,1
DA:89,1
DA:91,1
DA:92,1
DA:98,1
DA:103,1
DA:104,1
DA:108,1
DA:109,1
DA:110,2
DA:111,1
DA:112,4
DA:124,1
DA:125,1
DA:128,2
DA:132,1
DA:133,2
DA:134,1
DA:136,1
DA:137,1
DA:138,1
DA:164,2
DA:165,2
DA:174,2
DA:175,1
DA:176,1
DA:177,1
DA:178,1
DA:179,1
DA:203,3
DA:205,1
DA:207,1
DA:208,2
LF:66
LH:66
end_of_record
